{"C:\\Users\\Sri Kavya\\Documents\\Neerati_react_testing\\shopping-cart-app\\src\\App.tsx": {"path":"C:\\Users\\Sri Kavya\\Documents\\Neerati_react_testing\\shopping-cart-app\\src\\App.tsx","statementMap":{"0":{"start":{"line":7,"column":24},"end":{"line":7,"column":null}},"1":{"start":{"line":9,"column":2},"end":{"line":31,"column":null}},"2":{"start":{"line":21,"column":31},"end":{"line":21,"column":63}},"3":{"start":{"line":21,"column":51},"end":{"line":21,"column":60}}},"fnMap":{"0":{"name":"App","decl":{"start":{"line":6,"column":9},"end":{"line":6,"column":15}},"loc":{"start":{"line":6,"column":15},"end":{"line":33,"column":null}},"line":6},"1":{"name":"(anonymous_1)","decl":{"start":{"line":21,"column":25},"end":{"line":21,"column":31}},"loc":{"start":{"line":21,"column":31},"end":{"line":21,"column":63}},"line":21},"2":{"name":"(anonymous_2)","decl":{"start":{"line":21,"column":40},"end":{"line":21,"column":41}},"loc":{"start":{"line":21,"column":51},"end":{"line":21,"column":60}},"line":21}},"branchMap":{},"s":{"0":0,"1":0,"2":0,"3":0},"f":{"0":0,"1":0,"2":0},"b":{},"meta":{"lastBranch":0,"lastFunction":3,"lastStatement":4,"seen":{"f:6:9:6:15":0,"s:7:24:7:Infinity":0,"s:9:2:31:Infinity":1,"f:21:25:21:31":1,"s:21:31:21:63":2,"f:21:40:21:41":2,"s:21:51:21:60":3}}}
,"C:\\Users\\Sri Kavya\\Documents\\Neerati_react_testing\\shopping-cart-app\\src\\components\\ShoppingCart.tsx": {"path":"C:\\Users\\Sri Kavya\\Documents\\Neerati_react_testing\\shopping-cart-app\\src\\components\\ShoppingCart.tsx","statementMap":{"0":{"start":{"line":12,"column":24},"end":{"line":12,"column":null}},"1":{"start":{"line":13,"column":36},"end":{"line":13,"column":null}},"2":{"start":{"line":14,"column":38},"end":{"line":14,"column":null}},"3":{"start":{"line":16,"column":18},"end":{"line":31,"column":null}},"4":{"start":{"line":17,"column":4},"end":{"line":17,"column":null}},"5":{"start":{"line":17,"column":46},"end":{"line":17,"column":null}},"6":{"start":{"line":18,"column":18},"end":{"line":18,"column":null}},"7":{"start":{"line":19,"column":4},"end":{"line":19,"column":null}},"8":{"start":{"line":19,"column":36},"end":{"line":19,"column":null}},"9":{"start":{"line":21,"column":30},"end":{"line":26,"column":null}},"10":{"start":{"line":28,"column":4},"end":{"line":28,"column":null}},"11":{"start":{"line":29,"column":4},"end":{"line":29,"column":null}},"12":{"start":{"line":30,"column":4},"end":{"line":30,"column":null}},"13":{"start":{"line":33,"column":21},"end":{"line":33,"column":null}},"14":{"start":{"line":33,"column":37},"end":{"line":33,"column":null}},"15":{"start":{"line":33,"column":64},"end":{"line":33,"column":75}},"16":{"start":{"line":35,"column":23},"end":{"line":42,"column":null}},"17":{"start":{"line":36,"column":2},"end":{"line":36,"column":null}},"18":{"start":{"line":36,"column":50},"end":{"line":36,"column":null}},"19":{"start":{"line":37,"column":2},"end":{"line":41,"column":null}},"20":{"start":{"line":39,"column":6},"end":{"line":39,"column":null}},"21":{"start":{"line":43,"column":20},"end":{"line":43,"column":null}},"22":{"start":{"line":43,"column":26},"end":{"line":43,"column":null}},"23":{"start":{"line":45,"column":8},"end":{"line":45,"column":null}},"24":{"start":{"line":46,"column":8},"end":{"line":46,"column":null}},"25":{"start":{"line":47,"column":8},"end":{"line":47,"column":null}},"26":{"start":{"line":48,"column":8},"end":{"line":48,"column":null}},"27":{"start":{"line":50,"column":2},"end":{"line":107,"column":null}},"28":{"start":{"line":58,"column":27},"end":{"line":58,"column":null}},"29":{"start":{"line":65,"column":27},"end":{"line":65,"column":null}},"30":{"start":{"line":78,"column":14},"end":{"line":89,"column":null}},"31":{"start":{"line":83,"column":35},"end":{"line":83,"column":null}},"32":{"start":{"line":88,"column":39},"end":{"line":88,"column":60}}},"fnMap":{"0":{"name":"ShoppingCart","decl":{"start":{"line":11,"column":16},"end":{"line":11,"column":31}},"loc":{"start":{"line":11,"column":31},"end":{"line":109,"column":null}},"line":11},"1":{"name":"(anonymous_1)","decl":{"start":{"line":16,"column":18},"end":{"line":16,"column":24}},"loc":{"start":{"line":16,"column":24},"end":{"line":31,"column":null}},"line":16},"2":{"name":"(anonymous_2)","decl":{"start":{"line":33,"column":21},"end":{"line":33,"column":22}},"loc":{"start":{"line":33,"column":37},"end":{"line":33,"column":null}},"line":33},"3":{"name":"(anonymous_3)","decl":{"start":{"line":33,"column":59},"end":{"line":33,"column":64}},"loc":{"start":{"line":33,"column":64},"end":{"line":33,"column":75}},"line":33},"4":{"name":"(anonymous_4)","decl":{"start":{"line":35,"column":23},"end":{"line":35,"column":24}},"loc":{"start":{"line":35,"column":57},"end":{"line":42,"column":null}},"line":35},"5":{"name":"(anonymous_5)","decl":{"start":{"line":38,"column":14},"end":{"line":38,"column":null}},"loc":{"start":{"line":39,"column":6},"end":{"line":39,"column":null}},"line":39},"6":{"name":"(anonymous_6)","decl":{"start":{"line":43,"column":20},"end":{"line":43,"column":26}},"loc":{"start":{"line":43,"column":26},"end":{"line":43,"column":null}},"line":43},"7":{"name":"(anonymous_7)","decl":{"start":{"line":58,"column":20},"end":{"line":58,"column":21}},"loc":{"start":{"line":58,"column":27},"end":{"line":58,"column":null}},"line":58},"8":{"name":"(anonymous_8)","decl":{"start":{"line":65,"column":20},"end":{"line":65,"column":21}},"loc":{"start":{"line":65,"column":27},"end":{"line":65,"column":null}},"line":65},"9":{"name":"(anonymous_9)","decl":{"start":{"line":77,"column":23},"end":{"line":77,"column":24}},"loc":{"start":{"line":78,"column":14},"end":{"line":89,"column":null}},"line":78},"10":{"name":"(anonymous_10)","decl":{"start":{"line":83,"column":28},"end":{"line":83,"column":29}},"loc":{"start":{"line":83,"column":35},"end":{"line":83,"column":null}},"line":83},"11":{"name":"(anonymous_11)","decl":{"start":{"line":88,"column":33},"end":{"line":88,"column":39}},"loc":{"start":{"line":88,"column":39},"end":{"line":88,"column":60}},"line":88}},"branchMap":{"0":{"loc":{"start":{"line":17,"column":4},"end":{"line":17,"column":null}},"type":"if","locations":[{"start":{"line":17,"column":4},"end":{"line":17,"column":null}},{"start":{},"end":{}}],"line":17},"1":{"loc":{"start":{"line":17,"column":8},"end":{"line":17,"column":46}},"type":"binary-expr","locations":[{"start":{"line":17,"column":8},"end":{"line":17,"column":31}},{"start":{"line":17,"column":31},"end":{"line":17,"column":46}}],"line":17},"2":{"loc":{"start":{"line":19,"column":4},"end":{"line":19,"column":null}},"type":"if","locations":[{"start":{"line":19,"column":4},"end":{"line":19,"column":null}},{"start":{},"end":{}}],"line":19},"3":{"loc":{"start":{"line":19,"column":8},"end":{"line":19,"column":36}},"type":"binary-expr","locations":[{"start":{"line":19,"column":8},"end":{"line":19,"column":24}},{"start":{"line":19,"column":24},"end":{"line":19,"column":36}}],"line":19},"4":{"loc":{"start":{"line":36,"column":2},"end":{"line":36,"column":null}},"type":"if","locations":[{"start":{"line":36,"column":2},"end":{"line":36,"column":null}},{"start":{},"end":{}}],"line":36},"5":{"loc":{"start":{"line":36,"column":6},"end":{"line":36,"column":50}},"type":"binary-expr","locations":[{"start":{"line":36,"column":6},"end":{"line":36,"column":36}},{"start":{"line":36,"column":36},"end":{"line":36,"column":50}}],"line":36},"6":{"loc":{"start":{"line":39,"column":6},"end":{"line":39,"column":null}},"type":"cond-expr","locations":[{"start":{"line":39,"column":23},"end":{"line":39,"column":47}},{"start":{"line":39,"column":47},"end":{"line":39,"column":null}}],"line":39},"7":{"loc":{"start":{"line":72,"column":7},"end":{"line":105,"column":null}},"type":"cond-expr","locations":[{"start":{"line":73,"column":8},"end":{"line":73,"column":null}},{"start":{"line":75,"column":8},"end":{"line":105,"column":null}}],"line":72}},"s":{"0":93,"1":93,"2":93,"3":93,"4":11,"5":1,"6":10,"7":10,"8":1,"9":9,"10":9,"11":9,"12":9,"13":93,"14":1,"15":2,"16":93,"17":2,"18":1,"19":1,"20":1,"21":93,"22":1,"23":93,"24":93,"25":93,"26":93,"27":93,"28":53,"29":19,"30":27,"31":2,"32":1},"f":{"0":93,"1":11,"2":1,"3":2,"4":2,"5":1,"6":1,"7":53,"8":19,"9":27,"10":2,"11":1},"b":{"0":[1,10],"1":[11,11],"2":[1,9],"3":[10,10],"4":[1,1],"5":[2,2],"6":[1,0],"7":[68,25]},"meta":{"lastBranch":8,"lastFunction":12,"lastStatement":33,"seen":{"f:11:16:11:31":0,"s:12:24:12:Infinity":0,"s:13:36:13:Infinity":1,"s:14:38:14:Infinity":2,"s:16:18:31:Infinity":3,"f:16:18:16:24":1,"b:17:4:17:Infinity:undefined:undefined:undefined:undefined":0,"s:17:4:17:Infinity":4,"b:17:8:17:31:17:31:17:46":1,"s:17:46:17:Infinity":5,"s:18:18:18:Infinity":6,"b:19:4:19:Infinity:undefined:undefined:undefined:undefined":2,"s:19:4:19:Infinity":7,"b:19:8:19:24:19:24:19:36":3,"s:19:36:19:Infinity":8,"s:21:30:26:Infinity":9,"s:28:4:28:Infinity":10,"s:29:4:29:Infinity":11,"s:30:4:30:Infinity":12,"s:33:21:33:Infinity":13,"f:33:21:33:22":2,"s:33:37:33:Infinity":14,"f:33:59:33:64":3,"s:33:64:33:75":15,"s:35:23:42:Infinity":16,"f:35:23:35:24":4,"b:36:2:36:Infinity:undefined:undefined:undefined:undefined":4,"s:36:2:36:Infinity":17,"b:36:6:36:36:36:36:36:50":5,"s:36:50:36:Infinity":18,"s:37:2:41:Infinity":19,"f:38:14:38:Infinity":5,"s:39:6:39:Infinity":20,"b:39:23:39:47:39:47:39:Infinity":6,"s:43:20:43:Infinity":21,"f:43:20:43:26":6,"s:43:26:43:Infinity":22,"s:45:8:45:Infinity":23,"s:46:8:46:Infinity":24,"s:47:8:47:Infinity":25,"s:48:8:48:Infinity":26,"s:50:2:107:Infinity":27,"f:58:20:58:21":7,"s:58:27:58:Infinity":28,"f:65:20:65:21":8,"s:65:27:65:Infinity":29,"b:73:8:73:Infinity:75:8:105:Infinity":7,"f:77:23:77:24":9,"s:78:14:89:Infinity":30,"f:83:28:83:29":10,"s:83:35:83:Infinity":31,"f:88:33:88:39":11,"s:88:39:88:60":32}}}
,"C:\\Users\\Sri Kavya\\Documents\\Neerati_react_testing\\shopping-cart-app\\src\\utils\\cartUtils.ts": {"path":"C:\\Users\\Sri Kavya\\Documents\\Neerati_react_testing\\shopping-cart-app\\src\\utils\\cartUtils.ts","statementMap":{"0":{"start":{"line":8,"column":2},"end":{"line":8,"column":null}},"1":{"start":{"line":11,"column":2},"end":{"line":11,"column":null}},"2":{"start":{"line":11,"column":37},"end":{"line":11,"column":69}},"3":{"start":{"line":14,"column":2},"end":{"line":14,"column":null}},"4":{"start":{"line":14,"column":23},"end":{"line":14,"column":null}},"5":{"start":{"line":15,"column":2},"end":{"line":15,"column":null}},"6":{"start":{"line":15,"column":22},"end":{"line":15,"column":null}},"7":{"start":{"line":16,"column":2},"end":{"line":16,"column":null}},"8":{"start":{"line":19,"column":2},"end":{"line":19,"column":null}},"9":{"start":{"line":22,"column":19},"end":{"line":22,"column":null}},"10":{"start":{"line":23,"column":19},"end":{"line":23,"column":null}},"11":{"start":{"line":24,"column":24},"end":{"line":24,"column":null}},"12":{"start":{"line":25,"column":14},"end":{"line":25,"column":null}},"13":{"start":{"line":26,"column":2},"end":{"line":26,"column":null}},"14":{"start":{"line":29,"column":2},"end":{"line":29,"column":null}},"15":{"start":{"line":32,"column":2},"end":{"line":32,"column":null}}},"fnMap":{"0":{"name":"calculateItemTotal","decl":{"start":{"line":7,"column":16},"end":{"line":7,"column":35}},"loc":{"start":{"line":7,"column":59},"end":{"line":9,"column":null}},"line":7},"1":{"name":"calculateSubtotal","decl":{"start":{"line":10,"column":16},"end":{"line":10,"column":34}},"loc":{"start":{"line":10,"column":61},"end":{"line":12,"column":null}},"line":10},"2":{"name":"(anonymous_2)","decl":{"start":{"line":11,"column":22},"end":{"line":11,"column":23}},"loc":{"start":{"line":11,"column":37},"end":{"line":11,"column":69}},"line":11},"3":{"name":"calculateDiscount","decl":{"start":{"line":13,"column":16},"end":{"line":13,"column":34}},"loc":{"start":{"line":13,"column":60},"end":{"line":17,"column":null}},"line":13},"4":{"name":"calculateTax","decl":{"start":{"line":18,"column":16},"end":{"line":18,"column":29}},"loc":{"start":{"line":18,"column":53},"end":{"line":20,"column":null}},"line":18},"5":{"name":"calculateTotal","decl":{"start":{"line":21,"column":16},"end":{"line":21,"column":31}},"loc":{"start":{"line":21,"column":58},"end":{"line":27,"column":null}},"line":21},"6":{"name":"formatCurrency","decl":{"start":{"line":28,"column":16},"end":{"line":28,"column":31}},"loc":{"start":{"line":28,"column":55},"end":{"line":30,"column":null}},"line":28},"7":{"name":"isValidQuantity","decl":{"start":{"line":31,"column":16},"end":{"line":31,"column":32}},"loc":{"start":{"line":31,"column":59},"end":{"line":33,"column":null}},"line":31}},"branchMap":{"0":{"loc":{"start":{"line":14,"column":2},"end":{"line":14,"column":null}},"type":"if","locations":[{"start":{"line":14,"column":2},"end":{"line":14,"column":null}},{"start":{},"end":{}}],"line":14},"1":{"loc":{"start":{"line":15,"column":2},"end":{"line":15,"column":null}},"type":"if","locations":[{"start":{"line":15,"column":2},"end":{"line":15,"column":null}},{"start":{},"end":{}}],"line":15},"2":{"loc":{"start":{"line":32,"column":9},"end":{"line":32,"column":null}},"type":"binary-expr","locations":[{"start":{"line":32,"column":9},"end":{"line":32,"column":39}},{"start":{"line":32,"column":39},"end":{"line":32,"column":null}}],"line":32}},"s":{"0":63,"1":193,"2":60,"3":196,"4":5,"5":191,"6":21,"7":170,"8":194,"9":98,"10":98,"11":98,"12":98,"13":98,"14":130,"15":6},"f":{"0":63,"1":193,"2":60,"3":196,"4":194,"5":98,"6":130,"7":6},"b":{"0":[5,191],"1":[21,170],"2":[6,4]},"meta":{"lastBranch":3,"lastFunction":8,"lastStatement":16,"seen":{"f:7:16:7:35":0,"s:8:2:8:Infinity":0,"f:10:16:10:34":1,"s:11:2:11:Infinity":1,"f:11:22:11:23":2,"s:11:37:11:69":2,"f:13:16:13:34":3,"b:14:2:14:Infinity:undefined:undefined:undefined:undefined":0,"s:14:2:14:Infinity":3,"s:14:23:14:Infinity":4,"b:15:2:15:Infinity:undefined:undefined:undefined:undefined":1,"s:15:2:15:Infinity":5,"s:15:22:15:Infinity":6,"s:16:2:16:Infinity":7,"f:18:16:18:29":4,"s:19:2:19:Infinity":8,"f:21:16:21:31":5,"s:22:19:22:Infinity":9,"s:23:19:23:Infinity":10,"s:24:24:24:Infinity":11,"s:25:14:25:Infinity":12,"s:26:2:26:Infinity":13,"f:28:16:28:31":6,"s:29:2:29:Infinity":14,"f:31:16:31:32":7,"s:32:2:32:Infinity":15,"b:32:9:32:39:32:39:32:Infinity":2}}}
}
